"../../../Engine/Content/EngineMaterials/T_Default_Material_Grid_N.uasset" 0
"../../../Engine/Content/EngineMaterials/T_Default_Material_Grid_N.uexp" 1
"../../../Engine/Content/EngineMaterials/T_Default_Material_Grid_N.ubulk" 2
"../../../Engine/Content/EngineMaterials/T_Default_Material_Grid_M.uasset" 3
"../../../Engine/Content/EngineMaterials/T_Default_Material_Grid_M.uexp" 4
"../../../Engine/Content/EngineMaterials/T_Default_Material_Grid_M.ubulk" 5
"../../../Engine/Content/Functions/Engine_MaterialFunctions01/Opacity/CameraDepthFade.uasset" 6
"../../../Engine/Content/Functions/Engine_MaterialFunctions01/Opacity/CameraDepthFade.uexp" 7
"../../../Engine/Content/EngineMaterials/WorldGridMaterial.uasset" 8
"../../../Engine/Content/EngineMaterials/WorldGridMaterial.uexp" 9
"../../../Engine/Content/ArtTools/RenderToTexture/Meshes/S_1_Unit_Plane.uasset" 10
"../../../Engine/Content/ArtTools/RenderToTexture/Meshes/S_1_Unit_Plane.uexp" 11
"../../../Engine/Content/EngineMaterials/DefaultMaterial.uasset" 12
"../../../Engine/Content/EngineMaterials/DefaultMaterial.uexp" 13
"../../../Engine/Content/BasicShapes/Cone.uasset" 14
"../../../Engine/Content/BasicShapes/Cone.uexp" 15
"../../../Engine/Content/BasicShapes/Cube.uasset" 16
"../../../Engine/Content/BasicShapes/Cube.uexp" 17
"../../../Engine/Content/BasicShapes/Cylinder.uasset" 18
"../../../Engine/Content/BasicShapes/Cylinder.uexp" 19
"../../../Engine/Content/BasicShapes/Plane.uasset" 20
"../../../Engine/Content/BasicShapes/Plane.uexp" 21
"../../../Engine/Content/BasicShapes/Sphere.uasset" 22
"../../../Engine/Content/BasicShapes/Sphere.uexp" 23
"../../../Engine/Content/EditorLandscapeResources/DataLayer.uasset" 24
"../../../Engine/Content/EditorLandscapeResources/DataLayer.uexp" 25
"../../../Engine/Content/EditorLandscapeResources/DefaultAlphaTexture.uasset" 26
"../../../Engine/Content/EditorLandscapeResources/DefaultAlphaTexture.uexp" 27
"../../../Engine/Content/EditorMaterials/MAT_Groups_Toggle.uasset" 28
"../../../Engine/Content/EditorMaterials/MAT_Groups_Toggle.uexp" 29
"../../../Engine/Content/EditorMaterials/MAT_Groups_Visibility.uasset" 30
"../../../Engine/Content/EditorMaterials/MAT_Groups_Visibility.uexp" 31
"../../../Engine/Content/EditorMaterials/PreviewShadowIndicator.uasset" 32
"../../../Engine/Content/EditorMaterials/PreviewShadowIndicator.uexp" 33
"../../../Engine/Content/EditorMaterials/PreviewShadowIndicator.ubulk" 34
"../../../Engine/Content/EditorMaterials/PreviewShadowIndicatorMaterial.uasset" 35
"../../../Engine/Content/EditorMaterials/PreviewShadowIndicatorMaterial.uexp" 36
"../../../Engine/Content/EditorMaterials/AssetViewer/EpicQuadPanorama_CC+EV1.uasset" 37
"../../../Engine/Content/EditorMaterials/AssetViewer/EpicQuadPanorama_CC+EV1.uexp" 38
"../../../Engine/Content/EditorMaterials/MatineeGroups/MAT_ColorTrack.uasset" 39
"../../../Engine/Content/EditorMaterials/MatineeGroups/MAT_ColorTrack.uexp" 40
"../../../Engine/Content/EditorMaterials/MatineeGroups/MAT_Groups_Anim.uasset" 41
"../../../Engine/Content/EditorMaterials/MatineeGroups/MAT_Groups_Anim.uexp" 42
"../../../Engine/Content/EditorMaterials/MatineeGroups/MAT_Groups_AudioMaster.uasset" 43
"../../../Engine/Content/EditorMaterials/MatineeGroups/MAT_Groups_AudioMaster.uexp" 44
"../../../Engine/Content/EditorMaterials/MatineeGroups/MAT_Groups_Director.uasset" 45
"../../../Engine/Content/EditorMaterials/MatineeGroups/MAT_Groups_Director.uexp" 46
"../../../Engine/Content/EditorMaterials/MatineeGroups/MAT_Groups_Event.uasset" 47
"../../../Engine/Content/EditorMaterials/MatineeGroups/MAT_Groups_Event.uexp" 48
"../../../Engine/Content/EditorMaterials/MatineeGroups/MAT_Groups_Fade.uasset" 49
"../../../Engine/Content/EditorMaterials/MatineeGroups/MAT_Groups_Fade.uexp" 50
"../../../Engine/Content/EditorMaterials/MatineeGroups/MAT_Groups_Float.uasset" 51
"../../../Engine/Content/EditorMaterials/MatineeGroups/MAT_Groups_Float.uexp" 52
"../../../Engine/Content/EditorMaterials/MatineeGroups/MAT_Groups_Move.uasset" 53
"../../../Engine/Content/EditorMaterials/MatineeGroups/MAT_Groups_Move.uexp" 54
"../../../Engine/Content/EditorMaterials/MatineeGroups/MAT_Groups_Slomo.uasset" 55
"../../../Engine/Content/EditorMaterials/MatineeGroups/MAT_Groups_Slomo.uexp" 56
"../../../Engine/Content/EditorMaterials/MatineeGroups/MAT_Groups_Sound.uasset" 57
"../../../Engine/Content/EditorMaterials/MatineeGroups/MAT_Groups_Sound.uexp" 58
"../../../Engine/Content/EditorMaterials/MatineeGroups/MAT_Groups_Vector.uasset" 59
"../../../Engine/Content/EditorMaterials/MatineeGroups/MAT_Groups_Vector.uexp" 60
"../../../Engine/Content/EditorMaterials/ParticleSystems/PSysThumbnail_NoImage.uasset" 61
"../../../Engine/Content/EditorMaterials/ParticleSystems/PSysThumbnail_NoImage.uexp" 62
"../../../Engine/Content/EditorMaterials/ParticleSystems/PSysThumbnail_NoImage.ubulk" 63
"../../../Engine/Content/EditorMaterials/ParticleSystems/PSysThumbnail_OOD.uasset" 64
"../../../Engine/Content/EditorMaterials/ParticleSystems/PSysThumbnail_OOD.uexp" 65
"../../../Engine/Content/EditorMaterials/ParticleSystems/PSysThumbnail_OOD.ubulk" 66
"../../../Engine/Content/EditorMaterials/Camera/CineMat.uasset" 67
"../../../Engine/Content/EditorMaterials/Camera/CineMat.uexp" 68
"../../../Engine/Content/EditorMaterials/Camera/MI_CineMat_Rig.uasset" 69
"../../../Engine/Content/EditorMaterials/Camera/MI_CineMat_Rig.uexp" 70
"../../../Engine/Content/EditorMeshes/Camera/SM_CraneRig_Arm.uasset" 71
"../../../Engine/Content/EditorMeshes/Camera/SM_CraneRig_Arm.uexp" 72
"../../../Engine/Content/EditorMeshes/Camera/SM_CraneRig_Base.uasset" 73
"../../../Engine/Content/EditorMeshes/Camera/SM_CraneRig_Base.uexp" 74
"../../../Engine/Content/EditorMeshes/Camera/SM_CraneRig_Body.uasset" 75
"../../../Engine/Content/EditorMeshes/Camera/SM_CraneRig_Body.uexp" 76
"../../../Engine/Content/EditorMeshes/Camera/SM_CraneRig_Mount.uasset" 77
"../../../Engine/Content/EditorMeshes/Camera/SM_CraneRig_Mount.uexp" 78
"../../../Engine/Content/EditorMeshes/Camera/SM_RailRig_Mount.uasset" 79
"../../../Engine/Content/EditorMeshes/Camera/SM_RailRig_Mount.uexp" 80
"../../../Engine/Content/EditorMeshes/Camera/SM_RailRig_Track.uasset" 81
"../../../Engine/Content/EditorMeshes/Camera/SM_RailRig_Track.uexp" 82
"../../../Engine/Content/EditorResources/BSPVertex.uasset" 83
"../../../Engine/Content/EditorResources/BSPVertex.uexp" 84
"../../../Engine/Content/EditorResources/S_Actor.uasset" 85
"../../../Engine/Content/EditorResources/S_Actor.uexp" 86
"../../../Engine/Content/EditorResources/S_Actor.ubulk" 87
"../../../Engine/Content/EditorResources/S_Note.uasset" 88
"../../../Engine/Content/EditorResources/S_Note.uexp" 89
"../../../Engine/Content/EditorResources/S_Note.ubulk" 90
"../../../Engine/Content/EditorResources/S_Solver.uasset" 91
"../../../Engine/Content/EditorResources/S_Solver.uexp" 92
"../../../Engine/Content/EditorResources/S_Solver.ubulk" 93
"../../../Engine/Content/EditorResources/S_Terrain.uasset" 94
"../../../Engine/Content/EditorResources/S_Terrain.uexp" 95
"../../../Engine/Content/EditorResources/S_Terrain.ubulk" 96
"../../../Engine/Content/EditorResources/S_Trigger.uasset" 97
"../../../Engine/Content/EditorResources/S_Trigger.uexp" 98
"../../../Engine/Content/EditorResources/S_Trigger.ubulk" 99
"../../../Engine/Content/EditorResources/SequenceRecorder/Countdown.uasset" 100
"../../../Engine/Content/EditorResources/SequenceRecorder/Countdown.uexp" 101
"../../../Engine/Content/EditorResources/SequenceRecorder/RecordingIndicator.uasset" 102
"../../../Engine/Content/EditorResources/SequenceRecorder/RecordingIndicator.uexp" 103
"../../../Engine/Content/EngineDamageTypes/DmgTypeBP_Environmental.uasset" 104
"../../../Engine/Content/EngineDamageTypes/DmgTypeBP_Environmental.uexp" 105
"../../../Engine/Content/EngineDebugMaterials/DebugEditorMaterial.uasset" 106
"../../../Engine/Content/EngineDebugMaterials/DebugEditorMaterial.uexp" 107
"../../../Engine/Content/EngineDebugMaterials/DebugMeshMaterial.uasset" 108
"../../../Engine/Content/EngineDebugMaterials/DebugMeshMaterial.uexp" 109
"../../../Engine/Content/EngineDebugMaterials/M_SimpleUnlitTranslucent.uasset" 110
"../../../Engine/Content/EngineDebugMaterials/M_SimpleUnlitTranslucent.uexp" 111
"../../../Engine/Content/EngineDebugMaterials/VolumeToRender.uasset" 112
"../../../Engine/Content/EngineDebugMaterials/VolumeToRender.uexp" 113
"../../../Engine/Content/Functions/Engine_MaterialFunctions02/Utility/CameraDirectionVector.uasset" 114
"../../../Engine/Content/Functions/Engine_MaterialFunctions02/Utility/CameraDirectionVector.uexp" 115
"../../../Engine/Content/EngineDebugMaterials/M_VolumeRenderSphereTracePP.uasset" 116
"../../../Engine/Content/EngineDebugMaterials/M_VolumeRenderSphereTracePP.uexp" 117
"../../../Engine/Content/EngineFonts/Faces/RobotoRegular.uasset" 118
"../../../Engine/Content/EngineFonts/Faces/RobotoRegular.uexp" 119
"../../../Engine/Content/EngineFonts/Faces/RobotoRegular.ufont" 120
"../../../Engine/Content/EngineFonts/Faces/RobotoLight.uasset" 121
"../../../Engine/Content/EngineFonts/Faces/RobotoLight.uexp" 122
"../../../Engine/Content/EngineFonts/Faces/RobotoLight.ufont" 123
"../../../Engine/Content/EngineFonts/Faces/RobotoItalic.uasset" 124
"../../../Engine/Content/EngineFonts/Faces/RobotoItalic.uexp" 125
"../../../Engine/Content/EngineFonts/Faces/RobotoItalic.ufont" 126
"../../../Engine/Content/EngineFonts/Faces/RobotoBoldItalic.uasset" 127
"../../../Engine/Content/EngineFonts/Faces/RobotoBoldItalic.uexp" 128
"../../../Engine/Content/EngineFonts/Faces/RobotoBoldItalic.ufont" 129
"../../../Engine/Content/EngineFonts/Faces/RobotoBold.uasset" 130
"../../../Engine/Content/EngineFonts/Faces/RobotoBold.uexp" 131
"../../../Engine/Content/EngineFonts/Faces/RobotoBold.ufont" 132
"../../../Engine/Content/EngineFonts/Faces/DroidSansFallback.uasset" 133
"../../../Engine/Content/EngineFonts/Faces/DroidSansFallback.uexp" 134
"../../../Engine/Content/EngineFonts/Faces/DroidSansFallback.ufont" 135
"../../../Engine/Content/EngineFonts/Roboto.uasset" 136
"../../../Engine/Content/EngineFonts/Roboto.uexp" 137
"../../../Engine/Content/EngineMaterials/BaseFlattenNormalMap.uasset" 138
"../../../Engine/Content/EngineMaterials/BaseFlattenNormalMap.uexp" 139
"../../../Engine/Content/EngineMaterials/BaseFlattenGrayscaleMap.uasset" 140
"../../../Engine/Content/EngineMaterials/BaseFlattenGrayscaleMap.uexp" 141
"../../../Engine/Content/EngineMaterials/BaseFlattenEmissiveMap.uasset" 142
"../../../Engine/Content/EngineMaterials/BaseFlattenEmissiveMap.uexp" 143
"../../../Engine/Content/EngineMaterials/BaseFlattenDiffuseMap.uasset" 144
"../../../Engine/Content/EngineMaterials/BaseFlattenDiffuseMap.uexp" 145
"../../../Engine/Content/EngineMaterials/BaseFlattenMaterial.uasset" 146
"../../../Engine/Content/EngineMaterials/BaseFlattenMaterial.uexp" 147
"../../../Engine/Content/EngineMaterials/BlueNoise.uasset" 148
"../../../Engine/Content/EngineMaterials/BlueNoise.uexp" 149
"../../../Engine/Content/EngineMaterials/DefaultBloomKernel.uasset" 150
"../../../Engine/Content/EngineMaterials/DefaultBloomKernel.uexp" 151
"../../../Engine/Content/EngineMaterials/DefaultBokeh.uasset" 152
"../../../Engine/Content/EngineMaterials/DefaultBokeh.uexp" 153
"../../../Engine/Content/EngineMaterials/DefaultDiffuse.uasset" 154
"../../../Engine/Content/EngineMaterials/DefaultDiffuse.uexp" 155
"../../../Engine/Content/EngineMaterials/DefaultDiffuse.ubulk" 156
"../../../Engine/Content/EngineMaterials/DefaultDeferredDecalMaterial.uasset" 157
"../../../Engine/Content/EngineMaterials/DefaultDeferredDecalMaterial.uexp" 158
"../../../Engine/Content/EngineMaterials/DefaultLightFunctionMaterial.uasset" 159
"../../../Engine/Content/EngineMaterials/DefaultLightFunctionMaterial.uexp" 160
"../../../Engine/Content/EngineMaterials/DefaultPhysicalMaterial.uasset" 161
"../../../Engine/Content/EngineMaterials/DefaultPhysicalMaterial.uexp" 162
"../../../Engine/Content/Functions/Engine_MaterialFunctions02/Utility/BreakOutFloat2Components.uasset" 163
"../../../Engine/Content/Functions/Engine_MaterialFunctions02/Utility/BreakOutFloat2Components.uexp" 164
"../../../Engine/Content/EngineMaterials/DefaultPostProcessMaterial.uasset" 165
"../../../Engine/Content/EngineMaterials/DefaultPostProcessMaterial.uexp" 166
"../../../Engine/Content/EngineFonts/RobotoDistanceField.uasset" 167
"../../../Engine/Content/EngineFonts/RobotoDistanceField.uexp" 168
"../../../Engine/Content/EngineMaterials/DefaultTextMaterialOpaque.uasset" 169
"../../../Engine/Content/EngineMaterials/DefaultTextMaterialOpaque.uexp" 170
"../../../Engine/Content/EngineMaterials/DefaultWhiteGrid.uasset" 171
"../../../Engine/Content/EngineMaterials/DefaultWhiteGrid.uexp" 172
"../../../Engine/Content/EngineMaterials/DefaultWhiteGrid.ubulk" 173
"../../../Engine/Content/EngineMaterials/DefaultWhiteGrid_Low.uasset" 174
"../../../Engine/Content/EngineMaterials/DefaultWhiteGrid_Low.uexp" 175
"../../../Engine/Content/EngineMaterials/EmissiveMeshMaterial.uasset" 176
"../../../Engine/Content/EngineMaterials/EmissiveMeshMaterial.uexp" 177
"../../../Engine/Content/EngineMaterials/GizmoMaterial.uasset" 178
"../../../Engine/Content/EngineMaterials/GizmoMaterial.uexp" 179
"../../../Engine/Content/EngineMaterials/Good64x64TilingNoiseHighFreq.uasset" 180
"../../../Engine/Content/EngineMaterials/Good64x64TilingNoiseHighFreq.uexp" 181
"../../../Engine/Content/EngineMaterials/MiniFont.uasset" 182
"../../../Engine/Content/EngineMaterials/MiniFont.uexp" 183
"../../../Engine/Content/EngineMaterials/InvalidLightmapSettings.uasset" 184
"../../../Engine/Content/EngineMaterials/InvalidLightmapSettings.uexp" 185
"../../../Engine/Content/EngineMaterials/InvalidLightmapSettings.ubulk" 186
"../../../Engine/Content/EngineMaterials/M_InvalidLightmapSettings.uasset" 187
"../../../Engine/Content/EngineMaterials/M_InvalidLightmapSettings.uexp" 188
"../../../Engine/Content/Functions/Engine_MaterialFunctions02/WorldPositionOffset/CameraOffset.uasset" 189
"../../../Engine/Content/Functions/Engine_MaterialFunctions02/WorldPositionOffset/CameraOffset.uexp" 190
"../../../Engine/Content/EngineMaterials/PhAT_JointLimitMaterial.uasset" 191
"../../../Engine/Content/EngineMaterials/PhAT_JointLimitMaterial.uexp" 192
"../../../Engine/Content/EngineMaterials/DefaultCalibrationColor.uasset" 193
"../../../Engine/Content/EngineMaterials/DefaultCalibrationColor.uexp" 194
"../../../Engine/Content/EngineMaterials/PPM_DefaultCalibrationColor.uasset" 195
"../../../Engine/Content/EngineMaterials/PPM_DefaultCalibrationColor.uexp" 196
"../../../Engine/Content/EngineMaterials/DefaultCalibrationGrayscale.uasset" 197
"../../../Engine/Content/EngineMaterials/DefaultCalibrationGrayscale.uexp" 198
"../../../Engine/Content/EngineMaterials/PPM_DefaultCalibrationGrayscale.uasset" 199
"../../../Engine/Content/EngineMaterials/PPM_DefaultCalibrationGrayscale.uexp" 200
"../../../Engine/Content/EngineMaterials/PreintegratedSkinBRDF.uasset" 201
"../../../Engine/Content/EngineMaterials/PreintegratedSkinBRDF.uexp" 202
"../../../Engine/Content/EngineMaterials/RemoveSurfaceMaterial.uasset" 203
"../../../Engine/Content/EngineMaterials/RemoveSurfaceMaterial.uexp" 204
"../../../Engine/Content/EngineMaterials/WeightMapPlaceholderTexture.uasset" 205
"../../../Engine/Content/EngineMaterials/WeightMapPlaceholderTexture.uexp" 206
"../../../Engine/Content/EngineResources/WhiteSquareTexture.uasset" 207
"../../../Engine/Content/EngineResources/WhiteSquareTexture.uexp" 208
"../../../Engine/Content/EngineMaterials/Widget3DPassThrough.uasset" 209
"../../../Engine/Content/EngineMaterials/Widget3DPassThrough.uexp" 210
"../../../Engine/Content/EngineMaterials/Widget3DPassThrough_Masked.uasset" 211
"../../../Engine/Content/EngineMaterials/Widget3DPassThrough_Masked.uexp" 212
"../../../Engine/Content/EngineMaterials/Widget3DPassThrough_Opaque.uasset" 213
"../../../Engine/Content/EngineMaterials/Widget3DPassThrough_Opaque.uexp" 214
"../../../Engine/Content/EngineMaterials/Widget3DPassThrough_Masked_OneSided.uasset" 215
"../../../Engine/Content/EngineMaterials/Widget3DPassThrough_Masked_OneSided.uexp" 216
"../../../Engine/Content/EngineMaterials/Widget3DPassThrough_Opaque_OneSided.uasset" 217
"../../../Engine/Content/EngineMaterials/Widget3DPassThrough_Opaque_OneSided.uexp" 218
"../../../Engine/Content/EngineMaterials/Widget3DPassThrough_Translucent.uasset" 219
"../../../Engine/Content/EngineMaterials/Widget3DPassThrough_Translucent.uexp" 220
"../../../Engine/Content/EngineMaterials/Widget3DPassThrough_Translucent_OneSided.uasset" 221
"../../../Engine/Content/EngineMaterials/Widget3DPassThrough_Translucent_OneSided.uexp" 222
"../../../Engine/Content/EngineMeshes/Cylinder.uasset" 223
"../../../Engine/Content/EngineMeshes/Cylinder.uexp" 224
"../../../Engine/Content/EngineMeshes/Sphere.uasset" 225
"../../../Engine/Content/EngineMeshes/Sphere.uexp" 226
"../../../Engine/Content/EngineResources/Black.uasset" 227
"../../../Engine/Content/EngineResources/Black.uexp" 228
"../../../Engine/Content/EngineResources/DefaultTexture.uasset" 229
"../../../Engine/Content/EngineResources/DefaultTexture.uexp" 230
"../../../Engine/Content/EngineResources/DefaultTexture.ubulk" 231
"../../../Engine/Content/EngineResources/DefaultTextureCube.uasset" 232
"../../../Engine/Content/EngineResources/DefaultTextureCube.uexp" 233
"../../../Engine/Content/EngineResources/DefaultVolumeTexture2D.uasset" 234
"../../../Engine/Content/EngineResources/DefaultVolumeTexture2D.uexp" 235
"../../../Engine/Content/EngineResources/DefaultVolumeTexture.uasset" 236
"../../../Engine/Content/EngineResources/DefaultVolumeTexture.uexp" 237
"../../../Engine/Content/EngineResources/GradientTexture0.uasset" 238
"../../../Engine/Content/EngineResources/GradientTexture0.uexp" 239
"../../../Engine/Content/EngineSky/VolumetricClouds/T_NoiseShape64.uasset" 240
"../../../Engine/Content/EngineSky/VolumetricClouds/T_NoiseShape64.uexp" 241
"../../../Engine/Content/EngineSky/VolumetricClouds/T_NoiseShape64.ubulk" 242
"../../../Engine/Content/EngineSky/VolumetricClouds/T_VolumeNoiseShape64.uasset" 243
"../../../Engine/Content/EngineSky/VolumetricClouds/T_VolumeNoiseShape64.uexp" 244
"../../../Engine/Content/EngineSky/VolumetricClouds/T_NoiseErosion.uasset" 245
"../../../Engine/Content/EngineSky/VolumetricClouds/T_NoiseErosion.uexp" 246
"../../../Engine/Content/EngineSky/VolumetricClouds/T_NoiseErosion.ubulk" 247
"../../../Engine/Content/EngineSky/VolumetricClouds/T_VolumeNoiseErosion32.uasset" 248
"../../../Engine/Content/EngineSky/VolumetricClouds/T_VolumeNoiseErosion32.uexp" 249
"../../../Engine/Content/EngineSky/VolumetricClouds/CloudWeatherTexture.uasset" 250
"../../../Engine/Content/EngineSky/VolumetricClouds/CloudWeatherTexture.uexp" 251
"../../../Engine/Content/EngineSky/VolumetricClouds/CloudGradientTexture.uasset" 252
"../../../Engine/Content/EngineSky/VolumetricClouds/CloudGradientTexture.uexp" 253
"../../../Engine/Content/Functions/Engine_MaterialFunctions02/Utility/MakeFloat2.uasset" 254
"../../../Engine/Content/Functions/Engine_MaterialFunctions02/Utility/MakeFloat2.uexp" 255
"../../../Engine/Content/EngineSky/VolumetricClouds/m_SimpleVolumetricCloud.uasset" 256
"../../../Engine/Content/EngineSky/VolumetricClouds/m_SimpleVolumetricCloud.uexp" 257
"../../../Engine/Content/EngineSky/VolumetricClouds/m_SimpleVolumetricCloud_Inst.uasset" 258
"../../../Engine/Content/EngineSky/VolumetricClouds/m_SimpleVolumetricCloud_Inst.uexp" 259
"../../../Engine/Content/EngineSounds/Master.uasset" 260
"../../../Engine/Content/EngineSounds/Master.uexp" 261
"../../../Engine/Content/Functions/Engine_MaterialFunctions01/Shading/ConvertFromDiffSpec.uasset" 262
"../../../Engine/Content/Functions/Engine_MaterialFunctions01/Shading/ConvertFromDiffSpec.uexp" 263
"../../../Engine/Content/Functions/Engine_MaterialFunctions01/Shading/PowerToRoughness.uasset" 264
"../../../Engine/Content/Functions/Engine_MaterialFunctions01/Shading/PowerToRoughness.uexp" 265
"../../../Engine/Content/Maps/Templates/Thumbnails/Default.uasset" 266
"../../../Engine/Content/Maps/Templates/Thumbnails/Default.uexp" 267
"../../../Engine/Content/Maps/Templates/Thumbnails/TimeOfDay.uasset" 268
"../../../Engine/Content/Maps/Templates/Thumbnails/TimeOfDay.uexp" 269
"../../../Engine/Content/Maps/Templates/Thumbnails/VR-Basic.uasset" 270
"../../../Engine/Content/Maps/Templates/Thumbnails/VR-Basic.uexp" 271
"../../../Engine/Content/MobileResources/T_MobileControls_texture.uasset" 272
"../../../Engine/Content/MobileResources/T_MobileControls_texture.uexp" 273
"../../../Engine/Content/MobileResources/T_MobileMenu2.uasset" 274
"../../../Engine/Content/MobileResources/T_MobileMenu2.uexp" 275
"../../../Engine/Content/MobileResources/HUD/AnalogHat.uasset" 276
"../../../Engine/Content/MobileResources/HUD/AnalogHat.uexp" 277
"../../../Engine/Content/MobileResources/HUD/VirtualJoystick_Thumb.uasset" 278
"../../../Engine/Content/MobileResources/HUD/VirtualJoystick_Thumb.uexp" 279
"../../../Engine/Content/MobileResources/HUD/VirtualJoystick_Background.uasset" 280
"../../../Engine/Content/MobileResources/HUD/VirtualJoystick_Background.uexp" 281
"../../../Engine/Content/MobileResources/HUD/DefaultVirtualJoysticks.uasset" 282
"../../../Engine/Content/MobileResources/HUD/DefaultVirtualJoysticks.uexp" 283
"../../../Engine/Content/MobileResources/HUD/LeftVirtualJoystickOnly.uasset" 284
"../../../Engine/Content/MobileResources/HUD/LeftVirtualJoystickOnly.uexp" 285
"../../../Engine/Content/MobileResources/HUD/MobileHUDButton1_off.uasset" 286
"../../../Engine/Content/MobileResources/HUD/MobileHUDButton1_off.uexp" 287
"../../../Engine/Content/MobileResources/HUD/MobileHUDButton1_on.uasset" 288
"../../../Engine/Content/MobileResources/HUD/MobileHUDButton1_on.uexp" 289
"../../../Engine/Content/MobileResources/HUD/MobileHUDButton2_off.uasset" 290
"../../../Engine/Content/MobileResources/HUD/MobileHUDButton2_off.uexp" 291
"../../../Engine/Content/MobileResources/HUD/MobileHUDButton2_on.uasset" 292
"../../../Engine/Content/MobileResources/HUD/MobileHUDButton2_on.uexp" 293
"../../../Engine/Content/MobileResources/HUD/MobileHUDButton3.uasset" 294
"../../../Engine/Content/MobileResources/HUD/MobileHUDButton3.uexp" 295
"../../../Engine/Content/MobileResources/HUD/MobileHUDButtonFire.uasset" 296
"../../../Engine/Content/MobileResources/HUD/MobileHUDButtonFire.uexp" 297
"../../../Engine/Content/MobileResources/HUD/MobileHUDDirectionPad.uasset" 298
"../../../Engine/Content/MobileResources/HUD/MobileHUDDirectionPad.uexp" 299
"../../../Engine/Content/MobileResources/HUD/MobileHUDDirectionPad2.uasset" 300
"../../../Engine/Content/MobileResources/HUD/MobileHUDDirectionPad2.uexp" 301
"../../../Engine/Content/MobileResources/HUD/MobileHUDDirectionPad3.uasset" 302
"../../../Engine/Content/MobileResources/HUD/MobileHUDDirectionPad3.uexp" 303
"../../../Engine/Content/MobileResources/HUD/MobileHUDDirectionStick.uasset" 304
"../../../Engine/Content/MobileResources/HUD/MobileHUDDirectionStick.uexp" 305
"../../../Engine/Content/MobileResources/HUD/T_Castle_ThumbstickInner.uasset" 306
"../../../Engine/Content/MobileResources/HUD/T_Castle_ThumbstickInner.uexp" 307
"../../../Engine/Content/MobileResources/HUD/T_Castle_ThumbstickOutter.uasset" 308
"../../../Engine/Content/MobileResources/HUD/T_Castle_ThumbstickOutter.uexp" 309
"../../../Engine/Content/Tutorial/ContentIntroCurve.uasset" 310
"../../../Engine/Content/Tutorial/ContentIntroCurve.uexp" 311
"../../../Engine/Content/VREditor/TransformGizmo/TranslucentTransformGizmoMaterial.uasset" 312
"../../../Engine/Content/VREditor/TransformGizmo/TranslucentTransformGizmoMaterial.uexp" 313
"../../../Engine/Content/VREditor/LaserPointer/VR_LaserPower_01.uasset" 314
"../../../Engine/Content/VREditor/LaserPointer/VR_LaserPower_01.uexp" 315
"../../../Engine/Content/VREditor/LaserPointer/VR_LaserPower_01.ubulk" 316
"../../../Engine/Content/VREditor/TransformGizmo/TransformGizmoMaterial.uasset" 317
"../../../Engine/Content/VREditor/TransformGizmo/TransformGizmoMaterial.uexp" 318
"../../../Engine/Content/VREditor/TransformGizmo/BoundingBoxCorner.uasset" 319
"../../../Engine/Content/VREditor/TransformGizmo/BoundingBoxCorner.uexp" 320
"../../../Engine/Content/VREditor/TransformGizmo/BoundingBoxEdge.uasset" 321
"../../../Engine/Content/VREditor/TransformGizmo/BoundingBoxEdge.uexp" 322
"../../../Engine/Content/VREditor/TransformGizmo/PlaneTranslationHandle.uasset" 323
"../../../Engine/Content/VREditor/TransformGizmo/PlaneTranslationHandle.uexp" 324
"../../../Engine/Content/VREditor/TransformGizmo/Xray.uasset" 325
"../../../Engine/Content/VREditor/TransformGizmo/Xray.uexp" 326
"../../../Engine/Content/VREditor/TransformGizmo/Main.uasset" 327
"../../../Engine/Content/VREditor/TransformGizmo/Main.uexp" 328
"../../../Engine/Content/VREditor/TransformGizmo/SM_Sequencer_Key.uasset" 329
"../../../Engine/Content/VREditor/TransformGizmo/SM_Sequencer_Key.uexp" 330
"../../../Engine/Content/VREditor/TransformGizmo/SM_Sequencer_Node.uasset" 331
"../../../Engine/Content/VREditor/TransformGizmo/SM_Sequencer_Node.uexp" 332
"../../../Engine/Plugins/Experimental/ControlRig/Content/M_Manip.uasset" 333
"../../../Engine/Plugins/Experimental/ControlRig/Content/M_Manip.uexp" 334
"../../../Engine/Plugins/Experimental/ControlRig/Content/Controls/ControlRigGizmoMaterial.uasset" 335
"../../../Engine/Plugins/Experimental/ControlRig/Content/Controls/ControlRigGizmoMaterial.uexp" 336
"../../../Engine/Plugins/Experimental/ControlRig/Content/Controls/ControlRig_Arrow2_1mm.uasset" 337
"../../../Engine/Plugins/Experimental/ControlRig/Content/Controls/ControlRig_Arrow2_1mm.uexp" 338
"../../../Engine/Plugins/Experimental/ControlRig/Content/Controls/ControlRig_Arrow2_3mm.uasset" 339
"../../../Engine/Plugins/Experimental/ControlRig/Content/Controls/ControlRig_Arrow2_3mm.uexp" 340
"../../../Engine/Plugins/Experimental/ControlRig/Content/Controls/ControlRig_Arrow2_solid.uasset" 341
"../../../Engine/Plugins/Experimental/ControlRig/Content/Controls/ControlRig_Arrow2_solid.uexp" 342
"../../../Engine/Plugins/Experimental/ControlRig/Content/Controls/ControlRig_Arrow4_1mm.uasset" 343
"../../../Engine/Plugins/Experimental/ControlRig/Content/Controls/ControlRig_Arrow4_1mm.uexp" 344
"../../../Engine/Plugins/Experimental/ControlRig/Content/Controls/ControlRig_Arrow4_3mm.uasset" 345
"../../../Engine/Plugins/Experimental/ControlRig/Content/Controls/ControlRig_Arrow4_3mm.uexp" 346
"../../../Engine/Plugins/Experimental/ControlRig/Content/Controls/ControlRig_Arrow4_solid.uasset" 347
"../../../Engine/Plugins/Experimental/ControlRig/Content/Controls/ControlRig_Arrow4_solid.uexp" 348
"../../../Engine/Plugins/Experimental/ControlRig/Content/Controls/ControlRig_Arrow_1mm.uasset" 349
"../../../Engine/Plugins/Experimental/ControlRig/Content/Controls/ControlRig_Arrow_1mm.uexp" 350
"../../../Engine/Plugins/Experimental/ControlRig/Content/Controls/ControlRig_Arrow_3mm.uasset" 351
"../../../Engine/Plugins/Experimental/ControlRig/Content/Controls/ControlRig_Arrow_3mm.uexp" 352
"../../../Engine/Plugins/Experimental/ControlRig/Content/Controls/ControlRig_Arrow_solid.uasset" 353
"../../../Engine/Plugins/Experimental/ControlRig/Content/Controls/ControlRig_Arrow_solid.uexp" 354
"../../../Engine/Plugins/Experimental/ControlRig/Content/Controls/ControlRig_Box_1mm.uasset" 355
"../../../Engine/Plugins/Experimental/ControlRig/Content/Controls/ControlRig_Box_1mm.uexp" 356
"../../../Engine/Plugins/Experimental/ControlRig/Content/Controls/ControlRig_Box_3mm.uasset" 357
"../../../Engine/Plugins/Experimental/ControlRig/Content/Controls/ControlRig_Box_3mm.uexp" 358
"../../../Engine/Plugins/Experimental/ControlRig/Content/Controls/ControlRig_Box_solid.uasset" 359
"../../../Engine/Plugins/Experimental/ControlRig/Content/Controls/ControlRig_Box_solid.uexp" 360
"../../../Engine/Plugins/Experimental/ControlRig/Content/Controls/ControlRig_Circle_1mm.uasset" 361
"../../../Engine/Plugins/Experimental/ControlRig/Content/Controls/ControlRig_Circle_1mm.uexp" 362
"../../../Engine/Plugins/Experimental/ControlRig/Content/Controls/ControlRig_Circle_3mm.uasset" 363
"../../../Engine/Plugins/Experimental/ControlRig/Content/Controls/ControlRig_Circle_3mm.uexp" 364
"../../../Engine/Plugins/Experimental/ControlRig/Content/Controls/ControlRig_Circle_solid.uasset" 365
"../../../Engine/Plugins/Experimental/ControlRig/Content/Controls/ControlRig_Circle_solid.uexp" 366
"../../../Engine/Plugins/Experimental/ControlRig/Content/Controls/ControlRig_Diamond_1mm.uasset" 367
"../../../Engine/Plugins/Experimental/ControlRig/Content/Controls/ControlRig_Diamond_1mm.uexp" 368
"../../../Engine/Plugins/Experimental/ControlRig/Content/Controls/ControlRig_Diamond_3mm.uasset" 369
"../../../Engine/Plugins/Experimental/ControlRig/Content/Controls/ControlRig_Diamond_3mm.uexp" 370
"../../../Engine/Plugins/Experimental/ControlRig/Content/Controls/ControlRig_Diamond_solid.uasset" 371
"../../../Engine/Plugins/Experimental/ControlRig/Content/Controls/ControlRig_Diamond_solid.uexp" 372
"../../../Engine/Plugins/Experimental/ControlRig/Content/Controls/ControlRig_HalfCircle_1mm.uasset" 373
"../../../Engine/Plugins/Experimental/ControlRig/Content/Controls/ControlRig_HalfCircle_1mm.uexp" 374
"../../../Engine/Plugins/Experimental/ControlRig/Content/Controls/ControlRig_HalfCircle_3mm.uasset" 375
"../../../Engine/Plugins/Experimental/ControlRig/Content/Controls/ControlRig_HalfCircle_3mm.uexp" 376
"../../../Engine/Plugins/Experimental/ControlRig/Content/Controls/ControlRig_HalfCircle_solid.uasset" 377
"../../../Engine/Plugins/Experimental/ControlRig/Content/Controls/ControlRig_HalfCircle_solid.uexp" 378
"../../../Engine/Plugins/Experimental/ControlRig/Content/Controls/ControlRig_Hexagon_1mm.uasset" 379
"../../../Engine/Plugins/Experimental/ControlRig/Content/Controls/ControlRig_Hexagon_1mm.uexp" 380
"../../../Engine/Plugins/Experimental/ControlRig/Content/Controls/ControlRig_Hexagon_3mm.uasset" 381
"../../../Engine/Plugins/Experimental/ControlRig/Content/Controls/ControlRig_Hexagon_3mm.uexp" 382
"../../../Engine/Plugins/Experimental/ControlRig/Content/Controls/ControlRig_Hexagon_solid.uasset" 383
"../../../Engine/Plugins/Experimental/ControlRig/Content/Controls/ControlRig_Hexagon_solid.uexp" 384
"../../../Engine/Plugins/Experimental/ControlRig/Content/Controls/ControlRig_Octagon_1mm.uasset" 385
"../../../Engine/Plugins/Experimental/ControlRig/Content/Controls/ControlRig_Octagon_1mm.uexp" 386
"../../../Engine/Plugins/Experimental/ControlRig/Content/Controls/ControlRig_Octagon_3mm.uasset" 387
"../../../Engine/Plugins/Experimental/ControlRig/Content/Controls/ControlRig_Octagon_3mm.uexp" 388
"../../../Engine/Plugins/Experimental/ControlRig/Content/Controls/ControlRig_Octagon_solid.uasset" 389
"../../../Engine/Plugins/Experimental/ControlRig/Content/Controls/ControlRig_Octagon_solid.uexp" 390
"../../../Engine/Plugins/Experimental/ControlRig/Content/Controls/ControlRig_Pyramid_1mm.uasset" 391
"../../../Engine/Plugins/Experimental/ControlRig/Content/Controls/ControlRig_Pyramid_1mm.uexp" 392
"../../../Engine/Plugins/Experimental/ControlRig/Content/Controls/ControlRig_Pyramid_3mm.uasset" 393
"../../../Engine/Plugins/Experimental/ControlRig/Content/Controls/ControlRig_Pyramid_3mm.uexp" 394
"../../../Engine/Plugins/Experimental/ControlRig/Content/Controls/ControlRig_Pyramid_solid.uasset" 395
"../../../Engine/Plugins/Experimental/ControlRig/Content/Controls/ControlRig_Pyramid_solid.uexp" 396
"../../../Engine/Plugins/Experimental/ControlRig/Content/Controls/ControlRig_QuarterCircle_1mm.uasset" 397
"../../../Engine/Plugins/Experimental/ControlRig/Content/Controls/ControlRig_QuarterCircle_1mm.uexp" 398
"../../../Engine/Plugins/Experimental/ControlRig/Content/Controls/ControlRig_QuarterCircle_3mm.uasset" 399
"../../../Engine/Plugins/Experimental/ControlRig/Content/Controls/ControlRig_QuarterCircle_3mm.uexp" 400
"../../../Engine/Plugins/Experimental/ControlRig/Content/Controls/ControlRig_QuarterCircle_solid.uasset" 401
"../../../Engine/Plugins/Experimental/ControlRig/Content/Controls/ControlRig_QuarterCircle_solid.uexp" 402
"../../../Engine/Plugins/Experimental/ControlRig/Content/Controls/ControlRig_RoundedSquare_1mm.uasset" 403
"../../../Engine/Plugins/Experimental/ControlRig/Content/Controls/ControlRig_RoundedSquare_1mm.uexp" 404
"../../../Engine/Plugins/Experimental/ControlRig/Content/Controls/ControlRig_RoundedSquare_3mm.uasset" 405
"../../../Engine/Plugins/Experimental/ControlRig/Content/Controls/ControlRig_RoundedSquare_3mm.uexp" 406
"../../../Engine/Plugins/Experimental/ControlRig/Content/Controls/ControlRig_RoundedSquare_solid.uasset" 407
"../../../Engine/Plugins/Experimental/ControlRig/Content/Controls/ControlRig_RoundedSquare_solid.uexp" 408
"../../../Engine/Plugins/Experimental/ControlRig/Content/Controls/ControlRig_RoundedTriangle_1mm.uasset" 409
"../../../Engine/Plugins/Experimental/ControlRig/Content/Controls/ControlRig_RoundedTriangle_1mm.uexp" 410
"../../../Engine/Plugins/Experimental/ControlRig/Content/Controls/ControlRig_RoundedTriangle_3mm.uasset" 411
"../../../Engine/Plugins/Experimental/ControlRig/Content/Controls/ControlRig_RoundedTriangle_3mm.uexp" 412
"../../../Engine/Plugins/Experimental/ControlRig/Content/Controls/ControlRig_RoundedTriangle_solid.uasset" 413
"../../../Engine/Plugins/Experimental/ControlRig/Content/Controls/ControlRig_RoundedTriangle_solid.uexp" 414
"../../../Engine/Plugins/Experimental/ControlRig/Content/Controls/ControlRig_Sphere_1mm.uasset" 415
"../../../Engine/Plugins/Experimental/ControlRig/Content/Controls/ControlRig_Sphere_1mm.uexp" 416
"../../../Engine/Plugins/Experimental/ControlRig/Content/Controls/ControlRig_Sphere_3mm.uasset" 417
"../../../Engine/Plugins/Experimental/ControlRig/Content/Controls/ControlRig_Sphere_3mm.uexp" 418
"../../../Engine/Plugins/Experimental/ControlRig/Content/Controls/ControlRig_Sphere_solid.uasset" 419
"../../../Engine/Plugins/Experimental/ControlRig/Content/Controls/ControlRig_Sphere_solid.uexp" 420
"../../../Engine/Plugins/Experimental/ControlRig/Content/Controls/ControlRig_Square_1mm.uasset" 421
"../../../Engine/Plugins/Experimental/ControlRig/Content/Controls/ControlRig_Square_1mm.uexp" 422
"../../../Engine/Plugins/Experimental/ControlRig/Content/Controls/ControlRig_Square_3mm.uasset" 423
"../../../Engine/Plugins/Experimental/ControlRig/Content/Controls/ControlRig_Square_3mm.uexp" 424
"../../../Engine/Plugins/Experimental/ControlRig/Content/Controls/ControlRig_Square_solid.uasset" 425
"../../../Engine/Plugins/Experimental/ControlRig/Content/Controls/ControlRig_Square_solid.uexp" 426
"../../../Engine/Plugins/Experimental/ControlRig/Content/Controls/ControlRig_Star4_1mm.uasset" 427
"../../../Engine/Plugins/Experimental/ControlRig/Content/Controls/ControlRig_Star4_1mm.uexp" 428
"../../../Engine/Plugins/Experimental/ControlRig/Content/Controls/ControlRig_Star4_3mm.uasset" 429
"../../../Engine/Plugins/Experimental/ControlRig/Content/Controls/ControlRig_Star4_3mm.uexp" 430
"../../../Engine/Plugins/Experimental/ControlRig/Content/Controls/ControlRig_Star4_solid.uasset" 431
"../../../Engine/Plugins/Experimental/ControlRig/Content/Controls/ControlRig_Star4_solid.uexp" 432
"../../../Engine/Plugins/Experimental/ControlRig/Content/Controls/ControlRig_Triangle_1mm.uasset" 433
"../../../Engine/Plugins/Experimental/ControlRig/Content/Controls/ControlRig_Triangle_1mm.uexp" 434
"../../../Engine/Plugins/Experimental/ControlRig/Content/Controls/ControlRig_Triangle_3mm.uasset" 435
"../../../Engine/Plugins/Experimental/ControlRig/Content/Controls/ControlRig_Triangle_3mm.uexp" 436
"../../../Engine/Plugins/Experimental/ControlRig/Content/Controls/ControlRig_Triangle_solid.uasset" 437
"../../../Engine/Plugins/Experimental/ControlRig/Content/Controls/ControlRig_Triangle_solid.uexp" 438
"../../../Engine/Plugins/Experimental/ControlRig/Content/Controls/ControlRig_Wedge_1mm.uasset" 439
"../../../Engine/Plugins/Experimental/ControlRig/Content/Controls/ControlRig_Wedge_1mm.uexp" 440
"../../../Engine/Plugins/Experimental/ControlRig/Content/Controls/ControlRig_Wedge_3mm.uasset" 441
"../../../Engine/Plugins/Experimental/ControlRig/Content/Controls/ControlRig_Wedge_3mm.uexp" 442
"../../../Engine/Plugins/Experimental/ControlRig/Content/Controls/ControlRig_Wedge_solid.uasset" 443
"../../../Engine/Plugins/Experimental/ControlRig/Content/Controls/ControlRig_Wedge_solid.uexp" 444
"../../../Engine/Plugins/Experimental/ControlRig/Content/Controls/DefaultGizmoLibrary.uasset" 445
"../../../Engine/Plugins/Experimental/ControlRig/Content/Controls/DefaultGizmoLibrary.uexp" 446
"../../../Engine/Plugins/Runtime/HDRIBackdrop/Content/Textures/approaching_storm_4k.uasset" 447
"../../../Engine/Plugins/Runtime/HDRIBackdrop/Content/Textures/approaching_storm_4k.uexp" 448
"../../../Engine/Plugins/Runtime/HDRIBackdrop/Content/Meshes/EnviroDome.uasset" 449
"../../../Engine/Plugins/Runtime/HDRIBackdrop/Content/Meshes/EnviroDome.uexp" 450
"../../../Engine/Content/Functions/Engine_MaterialFunctions02/WorldPositionOffset/ObjectPivotPoint.uasset" 451
"../../../Engine/Content/Functions/Engine_MaterialFunctions02/WorldPositionOffset/ObjectPivotPoint.uexp" 452
"../../../Engine/Plugins/Runtime/HDRIBackdrop/Content/Materials/HDRI_Attributes.uasset" 453
"../../../Engine/Plugins/Runtime/HDRIBackdrop/Content/Materials/HDRI_Attributes.uexp" 454
"../../../Engine/Content/Functions/Engine_MaterialFunctions02/Utility/VectorLength.uasset" 455
"../../../Engine/Content/Functions/Engine_MaterialFunctions02/Utility/VectorLength.uexp" 456
"../../../Engine/Plugins/Runtime/HDRIBackdrop/Content/Materials/HDRI_Projection.uasset" 457
"../../../Engine/Plugins/Runtime/HDRIBackdrop/Content/Materials/HDRI_Projection.uexp" 458
"../../../Engine/Plugins/Runtime/HDRIBackdrop/Content/Materials/MI_HDRI_CenterProjection.uasset" 459
"../../../Engine/Plugins/Runtime/HDRIBackdrop/Content/Materials/MI_HDRI_CenterProjection.uexp" 460
"../../../Engine/Plugins/Runtime/HDRIBackdrop/Content/Materials/MI_HDRI_CameraProjection.uasset" 461
"../../../Engine/Plugins/Runtime/HDRIBackdrop/Content/Materials/MI_HDRI_CameraProjection.uexp" 462
"../../../Engine/Plugins/Runtime/HDRIBackdrop/Content/Blueprints/HDRIBackdrop.uasset" 463
"../../../Engine/Plugins/Runtime/HDRIBackdrop/Content/Blueprints/HDRIBackdrop.uexp" 464
"../../../Engine/Content/Maps/Entry_BuiltData.uasset" 465
"../../../Engine/Content/Maps/Entry_BuiltData.uexp" 466
"../../../Engine/Content/Maps/Entry.uexp" 467
"../../../Engine/Content/Maps/Entry.umap" 468
